<?xml version="1.0" encoding="UTF-8"?>
<testsuite xmlns:xsi="http://www.w3.org/2001/XMLSchema-instance" xsi:noNamespaceSchemaLocation="https://maven.apache.org/surefire/maven-surefire-plugin/xsd/surefire-test-report-3.0.xsd" version="3.0" name="As a user, I should be able to access to Files module. #3" time="69.493" tests="1" errors="0" skipped="0" failures="0">
  <properties>
    <property name="gopherProxySet" value="false"/>
    <property name="awt.toolkit" value="sun.lwawt.macosx.LWCToolkit"/>
    <property name="java.specification.version" value="11"/>
    <property name="webdriver.chrome.driver" value="/Users/runner/.cache/selenium/chromedriver/mac64/107.0.5304.62/chromedriver"/>
    <property name="sun.cpu.isalist" value=""/>
    <property name="sun.jnu.encoding" value="UTF-8"/>
    <property name="java.class.path" value="/Users/runner/work/TryCloud-Collaboration-MiniGroup/TryCloud-Collaboration-MiniGroup/target/test-classes:/Users/runner/work/TryCloud-Collaboration-MiniGroup/TryCloud-Collaboration-MiniGroup/target/classes:/Users/runner/.m2/repository/org/seleniumhq/selenium/selenium-java/3.141.59/selenium-java-3.141.59.jar:/Users/runner/.m2/repository/org/seleniumhq/selenium/selenium-api/3.141.59/selenium-api-3.141.59.jar:/Users/runner/.m2/repository/org/seleniumhq/selenium/selenium-chrome-driver/3.141.59/selenium-chrome-driver-3.141.59.jar:/Users/runner/.m2/repository/org/seleniumhq/selenium/selenium-edge-driver/3.141.59/selenium-edge-driver-3.141.59.jar:/Users/runner/.m2/repository/org/seleniumhq/selenium/selenium-firefox-driver/3.141.59/selenium-firefox-driver-3.141.59.jar:/Users/runner/.m2/repository/org/seleniumhq/selenium/selenium-ie-driver/3.141.59/selenium-ie-driver-3.141.59.jar:/Users/runner/.m2/repository/org/seleniumhq/selenium/selenium-opera-driver/3.141.59/selenium-opera-driver-3.141.59.jar:/Users/runner/.m2/repository/org/seleniumhq/selenium/selenium-remote-driver/3.141.59/selenium-remote-driver-3.141.59.jar:/Users/runner/.m2/repository/org/seleniumhq/selenium/selenium-safari-driver/3.141.59/selenium-safari-driver-3.141.59.jar:/Users/runner/.m2/repository/org/seleniumhq/selenium/selenium-support/3.141.59/selenium-support-3.141.59.jar:/Users/runner/.m2/repository/net/bytebuddy/byte-buddy/1.8.15/byte-buddy-1.8.15.jar:/Users/runner/.m2/repository/org/apache/commons/commons-exec/1.3/commons-exec-1.3.jar:/Users/runner/.m2/repository/com/google/guava/guava/25.0-jre/guava-25.0-jre.jar:/Users/runner/.m2/repository/com/google/code/findbugs/jsr305/1.3.9/jsr305-1.3.9.jar:/Users/runner/.m2/repository/org/checkerframework/checker-compat-qual/2.0.0/checker-compat-qual-2.0.0.jar:/Users/runner/.m2/repository/com/google/errorprone/error_prone_annotations/2.1.3/error_prone_annotations-2.1.3.jar:/Users/runner/.m2/repository/com/google/j2objc/j2objc-annotations/1.1/j2objc-annotations-1.1.jar:/Users/runner/.m2/repository/org/codehaus/mojo/animal-sniffer-annotations/1.14/animal-sniffer-annotations-1.14.jar:/Users/runner/.m2/repository/com/squareup/okhttp3/okhttp/3.11.0/okhttp-3.11.0.jar:/Users/runner/.m2/repository/com/squareup/okio/okio/1.14.0/okio-1.14.0.jar:/Users/runner/.m2/repository/io/github/bonigarcia/webdrivermanager/5.3.0/webdrivermanager-5.3.0.jar:/Users/runner/.m2/repository/org/slf4j/slf4j-api/1.7.36/slf4j-api-1.7.36.jar:/Users/runner/.m2/repository/com/google/code/gson/gson/2.9.1/gson-2.9.1.jar:/Users/runner/.m2/repository/com/github/docker-java/docker-java/3.2.13/docker-java-3.2.13.jar:/Users/runner/.m2/repository/com/github/docker-java/docker-java-core/3.2.13/docker-java-core-3.2.13.jar:/Users/runner/.m2/repository/com/github/docker-java/docker-java-api/3.2.13/docker-java-api-3.2.13.jar:/Users/runner/.m2/repository/org/bouncycastle/bcpkix-jdk15on/1.64/bcpkix-jdk15on-1.64.jar:/Users/runner/.m2/repository/org/bouncycastle/bcprov-jdk15on/1.64/bcprov-jdk15on-1.64.jar:/Users/runner/.m2/repository/org/slf4j/jcl-over-slf4j/1.7.30/jcl-over-slf4j-1.7.30.jar:/Users/runner/.m2/repository/com/github/docker-java/docker-java-transport-httpclient5/3.2.13/docker-java-transport-httpclient5-3.2.13.jar:/Users/runner/.m2/repository/com/github/docker-java/docker-java-transport/3.2.13/docker-java-transport-3.2.13.jar:/Users/runner/.m2/repository/net/java/dev/jna/jna/5.8.0/jna-5.8.0.jar:/Users/runner/.m2/repository/org/brotli/dec/0.1.2/dec-0.1.2.jar:/Users/runner/.m2/repository/org/apache/commons/commons-lang3/3.12.0/commons-lang3-3.12.0.jar:/Users/runner/.m2/repository/org/apache/httpcomponents/client5/httpclient5/5.1.3/httpclient5-5.1.3.jar:/Users/runner/.m2/repository/org/apache/httpcomponents/core5/httpcore5/5.1.3/httpcore5-5.1.3.jar:/Users/runner/.m2/repository/org/apache/httpcomponents/core5/httpcore5-h2/5.1.3/httpcore5-h2-5.1.3.jar:/Users/runner/.m2/repository/commons-codec/commons-codec/1.15/commons-codec-1.15.jar:/Users/runner/.m2/repository/io/cucumber/cucumber-java/7.3.2/cucumber-java-7.3.2.jar:/Users/runner/.m2/repository/io/cucumber/cucumber-core/7.3.2/cucumber-core-7.3.2.jar:/Users/runner/.m2/repository/io/cucumber/cucumber-gherkin/7.3.2/cucumber-gherkin-7.3.2.jar:/Users/runner/.m2/repository/io/cucumber/cucumber-gherkin-messages/7.3.2/cucumber-gherkin-messages-7.3.2.jar:/Users/runner/.m2/repository/io/cucumber/messages/18.0.0/messages-18.0.0.jar:/Users/runner/.m2/repository/io/cucumber/tag-expressions/4.1.0/tag-expressions-4.1.0.jar:/Users/runner/.m2/repository/io/cucumber/cucumber-expressions/15.1.1/cucumber-expressions-15.1.1.jar:/Users/runner/.m2/repository/io/cucumber/datatable/7.3.2/datatable-7.3.2.jar:/Users/runner/.m2/repository/io/cucumber/cucumber-plugin/7.3.2/cucumber-plugin-7.3.2.jar:/Users/runner/.m2/repository/io/cucumber/docstring/7.3.2/docstring-7.3.2.jar:/Users/runner/.m2/repository/io/cucumber/html-formatter/19.1.0/html-formatter-19.1.0.jar:/Users/runner/.m2/repository/io/cucumber/ci-environment/9.0.4/ci-environment-9.0.4.jar:/Users/runner/.m2/repository/org/apiguardian/apiguardian-api/1.1.2/apiguardian-api-1.1.2.jar:/Users/runner/.m2/repository/io/cucumber/cucumber-junit/7.3.2/cucumber-junit-7.3.2.jar:/Users/runner/.m2/repository/junit/junit/4.13.2/junit-4.13.2.jar:/Users/runner/.m2/repository/org/hamcrest/hamcrest-core/1.3/hamcrest-core-1.3.jar:/Users/runner/.m2/repository/org/apache/poi/poi-ooxml/5.1.0/poi-ooxml-5.1.0.jar:/Users/runner/.m2/repository/org/apache/poi/poi/5.1.0/poi-5.1.0.jar:/Users/runner/.m2/repository/org/apache/commons/commons-math3/3.6.1/commons-math3-3.6.1.jar:/Users/runner/.m2/repository/com/zaxxer/SparseBitSet/1.2/SparseBitSet-1.2.jar:/Users/runner/.m2/repository/org/apache/poi/poi-ooxml-lite/5.1.0/poi-ooxml-lite-5.1.0.jar:/Users/runner/.m2/repository/org/apache/xmlbeans/xmlbeans/5.0.2/xmlbeans-5.0.2.jar:/Users/runner/.m2/repository/org/apache/commons/commons-compress/1.21/commons-compress-1.21.jar:/Users/runner/.m2/repository/commons-io/commons-io/2.11.0/commons-io-2.11.0.jar:/Users/runner/.m2/repository/com/github/virtuald/curvesapi/1.06/curvesapi-1.06.jar:/Users/runner/.m2/repository/org/apache/logging/log4j/log4j-api/2.14.1/log4j-api-2.14.1.jar:/Users/runner/.m2/repository/org/apache/commons/commons-collections4/4.4/commons-collections4-4.4.jar:/Users/runner/.m2/repository/me/jvt/cucumber/reporting-plugin/7.3.0/reporting-plugin-7.3.0.jar:/Users/runner/.m2/repository/io/cucumber/gherkin/23.0.1/gherkin-23.0.1.jar:/Users/runner/.m2/repository/net/masterthought/cucumber-reporting/5.7.0/cucumber-reporting-5.7.0.jar:/Users/runner/.m2/repository/com/fasterxml/jackson/core/jackson-databind/2.13.0/jackson-databind-2.13.0.jar:/Users/runner/.m2/repository/com/fasterxml/jackson/core/jackson-annotations/2.13.0/jackson-annotations-2.13.0.jar:/Users/runner/.m2/repository/com/fasterxml/jackson/core/jackson-core/2.13.0/jackson-core-2.13.0.jar:/Users/runner/.m2/repository/com/fasterxml/jackson/datatype/jackson-datatype-jsr310/2.13.0/jackson-datatype-jsr310-2.13.0.jar:/Users/runner/.m2/repository/org/apache/velocity/velocity-engine-core/2.3/velocity-engine-core-2.3.jar:/Users/runner/.m2/repository/commons-collections/commons-collections/3.2.2/commons-collections-3.2.2.jar:/Users/runner/.m2/repository/joda-time/joda-time/2.10.10/joda-time-2.10.10.jar:/Users/runner/.m2/repository/org/codehaus/plexus/plexus-utils/3.3.0/plexus-utils-3.3.0.jar:/Users/runner/.m2/repository/org/jsoup/jsoup/1.14.2/jsoup-1.14.2.jar:/Users/runner/.m2/repository/com/googlecode/owasp-java-html-sanitizer/owasp-java-html-sanitizer/20211018.2/owasp-java-html-sanitizer-20211018.2.jar:/Users/runner/.m2/repository/commons-configuration/commons-configuration/1.10/commons-configuration-1.10.jar:/Users/runner/.m2/repository/commons-lang/commons-lang/2.6/commons-lang-2.6.jar:/Users/runner/.m2/repository/commons-logging/commons-logging/1.1.1/commons-logging-1.1.1.jar:/Users/runner/.m2/repository/com/github/javafaker/javafaker/1.0.2/javafaker-1.0.2.jar:/Users/runner/.m2/repository/org/yaml/snakeyaml/1.23/snakeyaml-1.23-android.jar:/Users/runner/.m2/repository/com/github/mifmif/generex/1.0.2/generex-1.0.2.jar:/Users/runner/.m2/repository/dk/brics/automaton/automaton/1.11-8/automaton-1.11-8.jar:"/>
    <property name="java.vm.vendor" value="Eclipse Adoptium"/>
    <property name="sun.arch.data.model" value="64"/>
    <property name="java.vendor.url" value="https://adoptium.net/"/>
    <property name="user.timezone" value="UTC"/>
    <property name="java.vm.specification.version" value="11"/>
    <property name="os.name" value="Mac OS X"/>
    <property name="sun.java.launcher" value="SUN_STANDARD"/>
    <property name="user.country" value="US"/>
    <property name="sun.boot.library.path" value="/Users/runner/hostedtoolcache/Java_Temurin-Hotspot_jdk/11.0.16-101/x64/Contents/Home/lib"/>
    <property name="sun.java.command" value="/Users/runner/work/TryCloud-Collaboration-MiniGroup/TryCloud-Collaboration-MiniGroup/target/surefire/surefirebooter16199624890638050770.jar /Users/runner/work/TryCloud-Collaboration-MiniGroup/TryCloud-Collaboration-MiniGroup/target/surefire 2022-11-24T00-42-22_983-jvmRun1 surefire3169843916533801013tmp surefire_02937792692445539165tmp"/>
    <property name="http.nonProxyHosts" value="local|*.local|169.254/16|*.169.254/16"/>
    <property name="jdk.debug" value="release"/>
    <property name="surefire.test.class.path" value="/Users/runner/work/TryCloud-Collaboration-MiniGroup/TryCloud-Collaboration-MiniGroup/target/test-classes:/Users/runner/work/TryCloud-Collaboration-MiniGroup/TryCloud-Collaboration-MiniGroup/target/classes:/Users/runner/.m2/repository/org/seleniumhq/selenium/selenium-java/3.141.59/selenium-java-3.141.59.jar:/Users/runner/.m2/repository/org/seleniumhq/selenium/selenium-api/3.141.59/selenium-api-3.141.59.jar:/Users/runner/.m2/repository/org/seleniumhq/selenium/selenium-chrome-driver/3.141.59/selenium-chrome-driver-3.141.59.jar:/Users/runner/.m2/repository/org/seleniumhq/selenium/selenium-edge-driver/3.141.59/selenium-edge-driver-3.141.59.jar:/Users/runner/.m2/repository/org/seleniumhq/selenium/selenium-firefox-driver/3.141.59/selenium-firefox-driver-3.141.59.jar:/Users/runner/.m2/repository/org/seleniumhq/selenium/selenium-ie-driver/3.141.59/selenium-ie-driver-3.141.59.jar:/Users/runner/.m2/repository/org/seleniumhq/selenium/selenium-opera-driver/3.141.59/selenium-opera-driver-3.141.59.jar:/Users/runner/.m2/repository/org/seleniumhq/selenium/selenium-remote-driver/3.141.59/selenium-remote-driver-3.141.59.jar:/Users/runner/.m2/repository/org/seleniumhq/selenium/selenium-safari-driver/3.141.59/selenium-safari-driver-3.141.59.jar:/Users/runner/.m2/repository/org/seleniumhq/selenium/selenium-support/3.141.59/selenium-support-3.141.59.jar:/Users/runner/.m2/repository/net/bytebuddy/byte-buddy/1.8.15/byte-buddy-1.8.15.jar:/Users/runner/.m2/repository/org/apache/commons/commons-exec/1.3/commons-exec-1.3.jar:/Users/runner/.m2/repository/com/google/guava/guava/25.0-jre/guava-25.0-jre.jar:/Users/runner/.m2/repository/com/google/code/findbugs/jsr305/1.3.9/jsr305-1.3.9.jar:/Users/runner/.m2/repository/org/checkerframework/checker-compat-qual/2.0.0/checker-compat-qual-2.0.0.jar:/Users/runner/.m2/repository/com/google/errorprone/error_prone_annotations/2.1.3/error_prone_annotations-2.1.3.jar:/Users/runner/.m2/repository/com/google/j2objc/j2objc-annotations/1.1/j2objc-annotations-1.1.jar:/Users/runner/.m2/repository/org/codehaus/mojo/animal-sniffer-annotations/1.14/animal-sniffer-annotations-1.14.jar:/Users/runner/.m2/repository/com/squareup/okhttp3/okhttp/3.11.0/okhttp-3.11.0.jar:/Users/runner/.m2/repository/com/squareup/okio/okio/1.14.0/okio-1.14.0.jar:/Users/runner/.m2/repository/io/github/bonigarcia/webdrivermanager/5.3.0/webdrivermanager-5.3.0.jar:/Users/runner/.m2/repository/org/slf4j/slf4j-api/1.7.36/slf4j-api-1.7.36.jar:/Users/runner/.m2/repository/com/google/code/gson/gson/2.9.1/gson-2.9.1.jar:/Users/runner/.m2/repository/com/github/docker-java/docker-java/3.2.13/docker-java-3.2.13.jar:/Users/runner/.m2/repository/com/github/docker-java/docker-java-core/3.2.13/docker-java-core-3.2.13.jar:/Users/runner/.m2/repository/com/github/docker-java/docker-java-api/3.2.13/docker-java-api-3.2.13.jar:/Users/runner/.m2/repository/org/bouncycastle/bcpkix-jdk15on/1.64/bcpkix-jdk15on-1.64.jar:/Users/runner/.m2/repository/org/bouncycastle/bcprov-jdk15on/1.64/bcprov-jdk15on-1.64.jar:/Users/runner/.m2/repository/org/slf4j/jcl-over-slf4j/1.7.30/jcl-over-slf4j-1.7.30.jar:/Users/runner/.m2/repository/com/github/docker-java/docker-java-transport-httpclient5/3.2.13/docker-java-transport-httpclient5-3.2.13.jar:/Users/runner/.m2/repository/com/github/docker-java/docker-java-transport/3.2.13/docker-java-transport-3.2.13.jar:/Users/runner/.m2/repository/net/java/dev/jna/jna/5.8.0/jna-5.8.0.jar:/Users/runner/.m2/repository/org/brotli/dec/0.1.2/dec-0.1.2.jar:/Users/runner/.m2/repository/org/apache/commons/commons-lang3/3.12.0/commons-lang3-3.12.0.jar:/Users/runner/.m2/repository/org/apache/httpcomponents/client5/httpclient5/5.1.3/httpclient5-5.1.3.jar:/Users/runner/.m2/repository/org/apache/httpcomponents/core5/httpcore5/5.1.3/httpcore5-5.1.3.jar:/Users/runner/.m2/repository/org/apache/httpcomponents/core5/httpcore5-h2/5.1.3/httpcore5-h2-5.1.3.jar:/Users/runner/.m2/repository/commons-codec/commons-codec/1.15/commons-codec-1.15.jar:/Users/runner/.m2/repository/io/cucumber/cucumber-java/7.3.2/cucumber-java-7.3.2.jar:/Users/runner/.m2/repository/io/cucumber/cucumber-core/7.3.2/cucumber-core-7.3.2.jar:/Users/runner/.m2/repository/io/cucumber/cucumber-gherkin/7.3.2/cucumber-gherkin-7.3.2.jar:/Users/runner/.m2/repository/io/cucumber/cucumber-gherkin-messages/7.3.2/cucumber-gherkin-messages-7.3.2.jar:/Users/runner/.m2/repository/io/cucumber/messages/18.0.0/messages-18.0.0.jar:/Users/runner/.m2/repository/io/cucumber/tag-expressions/4.1.0/tag-expressions-4.1.0.jar:/Users/runner/.m2/repository/io/cucumber/cucumber-expressions/15.1.1/cucumber-expressions-15.1.1.jar:/Users/runner/.m2/repository/io/cucumber/datatable/7.3.2/datatable-7.3.2.jar:/Users/runner/.m2/repository/io/cucumber/cucumber-plugin/7.3.2/cucumber-plugin-7.3.2.jar:/Users/runner/.m2/repository/io/cucumber/docstring/7.3.2/docstring-7.3.2.jar:/Users/runner/.m2/repository/io/cucumber/html-formatter/19.1.0/html-formatter-19.1.0.jar:/Users/runner/.m2/repository/io/cucumber/ci-environment/9.0.4/ci-environment-9.0.4.jar:/Users/runner/.m2/repository/org/apiguardian/apiguardian-api/1.1.2/apiguardian-api-1.1.2.jar:/Users/runner/.m2/repository/io/cucumber/cucumber-junit/7.3.2/cucumber-junit-7.3.2.jar:/Users/runner/.m2/repository/junit/junit/4.13.2/junit-4.13.2.jar:/Users/runner/.m2/repository/org/hamcrest/hamcrest-core/1.3/hamcrest-core-1.3.jar:/Users/runner/.m2/repository/org/apache/poi/poi-ooxml/5.1.0/poi-ooxml-5.1.0.jar:/Users/runner/.m2/repository/org/apache/poi/poi/5.1.0/poi-5.1.0.jar:/Users/runner/.m2/repository/org/apache/commons/commons-math3/3.6.1/commons-math3-3.6.1.jar:/Users/runner/.m2/repository/com/zaxxer/SparseBitSet/1.2/SparseBitSet-1.2.jar:/Users/runner/.m2/repository/org/apache/poi/poi-ooxml-lite/5.1.0/poi-ooxml-lite-5.1.0.jar:/Users/runner/.m2/repository/org/apache/xmlbeans/xmlbeans/5.0.2/xmlbeans-5.0.2.jar:/Users/runner/.m2/repository/org/apache/commons/commons-compress/1.21/commons-compress-1.21.jar:/Users/runner/.m2/repository/commons-io/commons-io/2.11.0/commons-io-2.11.0.jar:/Users/runner/.m2/repository/com/github/virtuald/curvesapi/1.06/curvesapi-1.06.jar:/Users/runner/.m2/repository/org/apache/logging/log4j/log4j-api/2.14.1/log4j-api-2.14.1.jar:/Users/runner/.m2/repository/org/apache/commons/commons-collections4/4.4/commons-collections4-4.4.jar:/Users/runner/.m2/repository/me/jvt/cucumber/reporting-plugin/7.3.0/reporting-plugin-7.3.0.jar:/Users/runner/.m2/repository/io/cucumber/gherkin/23.0.1/gherkin-23.0.1.jar:/Users/runner/.m2/repository/net/masterthought/cucumber-reporting/5.7.0/cucumber-reporting-5.7.0.jar:/Users/runner/.m2/repository/com/fasterxml/jackson/core/jackson-databind/2.13.0/jackson-databind-2.13.0.jar:/Users/runner/.m2/repository/com/fasterxml/jackson/core/jackson-annotations/2.13.0/jackson-annotations-2.13.0.jar:/Users/runner/.m2/repository/com/fasterxml/jackson/core/jackson-core/2.13.0/jackson-core-2.13.0.jar:/Users/runner/.m2/repository/com/fasterxml/jackson/datatype/jackson-datatype-jsr310/2.13.0/jackson-datatype-jsr310-2.13.0.jar:/Users/runner/.m2/repository/org/apache/velocity/velocity-engine-core/2.3/velocity-engine-core-2.3.jar:/Users/runner/.m2/repository/commons-collections/commons-collections/3.2.2/commons-collections-3.2.2.jar:/Users/runner/.m2/repository/joda-time/joda-time/2.10.10/joda-time-2.10.10.jar:/Users/runner/.m2/repository/org/codehaus/plexus/plexus-utils/3.3.0/plexus-utils-3.3.0.jar:/Users/runner/.m2/repository/org/jsoup/jsoup/1.14.2/jsoup-1.14.2.jar:/Users/runner/.m2/repository/com/googlecode/owasp-java-html-sanitizer/owasp-java-html-sanitizer/20211018.2/owasp-java-html-sanitizer-20211018.2.jar:/Users/runner/.m2/repository/commons-configuration/commons-configuration/1.10/commons-configuration-1.10.jar:/Users/runner/.m2/repository/commons-lang/commons-lang/2.6/commons-lang-2.6.jar:/Users/runner/.m2/repository/commons-logging/commons-logging/1.1.1/commons-logging-1.1.1.jar:/Users/runner/.m2/repository/com/github/javafaker/javafaker/1.0.2/javafaker-1.0.2.jar:/Users/runner/.m2/repository/org/yaml/snakeyaml/1.23/snakeyaml-1.23-android.jar:/Users/runner/.m2/repository/com/github/mifmif/generex/1.0.2/generex-1.0.2.jar:/Users/runner/.m2/repository/dk/brics/automaton/automaton/1.11-8/automaton-1.11-8.jar:"/>
    <property name="sun.cpu.endian" value="little"/>
    <property name="user.home" value="/Users/runner"/>
    <property name="user.language" value="en"/>
    <property name="java.specification.vendor" value="Oracle Corporation"/>
    <property name="java.version.date" value="2022-08-12"/>
    <property name="java.home" value="/Users/runner/hostedtoolcache/Java_Temurin-Hotspot_jdk/11.0.16-101/x64/Contents/Home"/>
    <property name="file.separator" value="/"/>
    <property name="basedir" value="/Users/runner/work/TryCloud-Collaboration-MiniGroup/TryCloud-Collaboration-MiniGroup"/>
    <property name="java.vm.compressedOopsMode" value="Zero based"/>
    <property name="line.separator" value="&#10;"/>
    <property name="java.specification.name" value="Java Platform API Specification"/>
    <property name="java.vm.specification.vendor" value="Oracle Corporation"/>
    <property name="java.awt.graphicsenv" value="sun.awt.CGraphicsEnvironment"/>
    <property name="surefire.real.class.path" value="/Users/runner/work/TryCloud-Collaboration-MiniGroup/TryCloud-Collaboration-MiniGroup/target/surefire/surefirebooter16199624890638050770.jar"/>
    <property name="sun.management.compiler" value="HotSpot 64-Bit Tiered Compilers"/>
    <property name="ftp.nonProxyHosts" value="local|*.local|169.254/16|*.169.254/16"/>
    <property name="java.runtime.version" value="11.0.16.1+1"/>
    <property name="user.name" value="runner"/>
    <property name="path.separator" value=":"/>
    <property name="os.version" value="12.6.1"/>
    <property name="java.runtime.name" value="OpenJDK Runtime Environment"/>
    <property name="file.encoding" value="UTF-8"/>
    <property name="java.vm.name" value="OpenJDK 64-Bit Server VM"/>
    <property name="java.vendor.version" value="Temurin-11.0.16.1+1"/>
    <property name="localRepository" value="/Users/runner/.m2/repository"/>
    <property name="java.vendor.url.bug" value="https://github.com/adoptium/adoptium-support/issues"/>
    <property name="java.io.tmpdir" value="/var/folders/24/8k48jl6d249_n_qfxwsl6xvm0000gn/T/"/>
    <property name="java.version" value="11.0.16.1"/>
    <property name="user.dir" value="/Users/runner/work/TryCloud-Collaboration-MiniGroup/TryCloud-Collaboration-MiniGroup"/>
    <property name="os.arch" value="x86_64"/>
    <property name="java.vm.specification.name" value="Java Virtual Machine Specification"/>
    <property name="java.awt.printerjob" value="sun.lwawt.macosx.CPrinterJob"/>
    <property name="sun.os.patch.level" value="unknown"/>
    <property name="java.library.path" value="/Users/runner/Library/Java/Extensions:/Library/Java/Extensions:/Network/Library/Java/Extensions:/System/Library/Java/Extensions:/usr/lib/java:."/>
    <property name="java.vm.info" value="mixed mode"/>
    <property name="java.vendor" value="Eclipse Adoptium"/>
    <property name="java.vm.version" value="11.0.16.1+1"/>
    <property name="sun.io.unicode.encoding" value="UnicodeBig"/>
    <property name="java.class.version" value="55.0"/>
    <property name="socksNonProxyHosts" value="local|*.local|169.254/16|*.169.254/16"/>
  </properties>
  <testcase name="Verify users delete a file/folder" classname="As a user, I should be able to access to Files module. #3" time="69.493">
    <system-out><![CDATA[
@US8 @smoketest
Scenario Outline: Verify users delete a file/folder                    &amp#27;[90m# src/test/resources/features/US8.feature:18&amp#27;[0m
Browser: chrome
  &amp#27;[32mGiven &amp#27;[0m&amp#27;[32muser is on the login page&amp#27;[0m                                      &amp#27;[90m# com.trycloud.step_definitions.US5_Steps.user_on_the_login()&amp#27;[0m
  &amp#27;[32mWhen &amp#27;[0m&amp#27;[32muser enters &amp#27;[0m&amp#27;[32m&amp#27;[1m"user65"&amp#27;[0m&amp#27;[32m and &amp#27;[0m&amp#27;[32m&amp#27;[1m"Userpass123"&amp#27;[0m                          &amp#27;[90m# com.trycloud.step_definitions.US5_Steps.userEntersAnd(java.lang.String,java.lang.String)&amp#27;[0m
  &amp#27;[32mAnd &amp#27;[0m&amp#27;[32muser click the login button&amp#27;[0m                                      &amp#27;[90m# com.trycloud.step_definitions.US1_Steps.user_click_the_login_button()&amp#27;[0m
  &amp#27;[32mWhen &amp#27;[0m&amp#27;[32mthe user clicks the &amp#27;[0m&amp#27;[32m&amp#27;[1m"Files"&amp#27;[0m&amp#27;[32m module&amp#27;[0m                              &amp#27;[90m# com.trycloud.step_definitions.US4_Steps.theUserClicksTheModule(java.lang.String)&amp#27;[0m
Selected file name = Talk (restored 4)
  &amp#27;[32mAnd &amp#27;[0m&amp#27;[32muser click action-icon from any file on the page&amp#27;[0m                 &amp#27;[90m# com.trycloud.step_definitions.US8_Steps.userClickActionIconFromAnyFileOnThePage()&amp#27;[0m
  &amp#27;[32mAnd &amp#27;[0m&amp#27;[32muser choose the &amp#27;[0m&amp#27;[32m&amp#27;[1m"Delete"&amp#27;[0m&amp#27;[32m option&amp#27;[0m                                  &amp#27;[90m# com.trycloud.step_definitions.US6_Steps.user_choose_the_option(java.lang.String)&amp#27;[0m
  &amp#27;[32mWhen &amp#27;[0m&amp#27;[32mthe user clicks the &amp#27;[0m&amp#27;[32m&amp#27;[1m"Deleted files"&amp#27;[0m&amp#27;[32m sub-module on the left side&amp#27;[0m &amp#27;[90m# com.trycloud.step_definitions.US8_Steps.theUserClicksTheSubModuleOnTheLeftSide(java.lang.String)&amp#27;[0m
Talk (restored 4)
  &amp#27;[32mThen &amp#27;[0m&amp#27;[32mVerify the deleted file is displayed on the page.&amp#27;[0m               &amp#27;[90m# com.trycloud.step_definitions.US8_Steps.verifyTheDeletedFileIsDisplayedOnThePage()&amp#27;[0m
]]></system-out>
    <system-err><![CDATA[Starting ChromeDriver 107.0.5304.62 (1eec40d3a5764881c92085aaee66d25075c159aa-refs/branch-heads/5304@{#942}) on port 8216
Only local connections are allowed.
Please see https://chromedriver.chromium.org/security-considerations for suggestions on keeping ChromeDriver safe.
ChromeDriver was started successfully.
Nov 24, 2022 12:44:59 AM org.openqa.selenium.remote.ProtocolHandshake createSession
INFO: Detected dialect: W3C
]]></system-err>
  </testcase>
</testsuite>